  dop4.cpp
E:\Университет\ОАиП\lab31\dop4\hash_table.h(8,16): error C2988: неопознанное объявление или определение шаблона
E:\Университет\ОАиП\lab31\dop4\hash_table.h(8,16): error C2143: синтаксическая ошибка: отсутствие ";" перед "<"
E:\Университет\ОАиП\lab31\dop4\hash_table.h(8,16): error C2059: синтаксическая ошибка: <
E:\Университет\ОАиП\lab31\dop4\hash_table.h(8,21): error C2039: processing: не является членом "`global namespace'"
E:\Университет\ОАиП\lab31\dop4\hash_table.h(8,39): error C2143: синтаксическая ошибка: отсутствие ";" перед "{"
E:\Университет\ОАиП\lab31\dop4\hash_table.h(8,39): error C2447: {: отсутствует заголовок функции (возможно, используется формальный список старого типа)
E:\Университет\ОАиП\lab31\dop4\hash_table.h(22,16): error C2988: неопознанное объявление или определение шаблона
E:\Университет\ОАиП\lab31\dop4\hash_table.h(22,16): error C2143: синтаксическая ошибка: отсутствие ";" перед "<"
E:\Университет\ОАиП\lab31\dop4\hash_table.h(22,16): error C2182: Hash_Table: недопустимое использование типа "void"
E:\Университет\ОАиП\lab31\dop4\hash_table.h(22,6): error C2371: Hash_Table: переопределение; различные базовые типы
E:\Университет\ОАиП\lab31\dop4\hash_table.h(8): message : см. объявление "Hash_Table"
E:\Университет\ОАиП\lab31\dop4\hash_table.h(22,16): error C2059: синтаксическая ошибка: <
E:\Университет\ОАиП\lab31\dop4\hash_table.h(22,21): error C2039: print: не является членом "`global namespace'"
E:\Университет\ОАиП\lab31\dop4\hash_table.h(22,35): error C2143: синтаксическая ошибка: отсутствие ";" перед "{"
E:\Университет\ОАиП\lab31\dop4\hash_table.h(22,35): error C2447: {: отсутствует заголовок функции (возможно, используется формальный список старого типа)
E:\Университет\ОАиП\lab31\dop4\hash_table.h(30,16): error C2988: неопознанное объявление или определение шаблона
E:\Университет\ОАиП\lab31\dop4\hash_table.h(30,16): error C2143: синтаксическая ошибка: отсутствие ";" перед "<"
E:\Университет\ОАиП\lab31\dop4\hash_table.h(30,16): error C2182: Hash_Table: недопустимое использование типа "void"
E:\Университет\ОАиП\lab31\dop4\hash_table.h(30,6): error C2371: Hash_Table: переопределение; различные базовые типы
E:\Университет\ОАиП\lab31\dop4\hash_table.h(8): message : см. объявление "Hash_Table"
E:\Университет\ОАиП\lab31\dop4\hash_table.h(30,16): error C2059: синтаксическая ошибка: <
E:\Университет\ОАиП\lab31\dop4\hash_table.h(30,21): error C2039: search: не является членом "`global namespace'"
E:\Университет\ОАиП\lab31\dop4\hash_table.h(30,36): error C2143: синтаксическая ошибка: отсутствие ";" перед "{"
E:\Университет\ОАиП\lab31\dop4\hash_table.h(30,36): error C2447: {: отсутствует заголовок функции (возможно, используется формальный список старого типа)
E:\Университет\ОАиП\lab31\dop4\dop4.cpp(12,14): error C2275: std::string: недопустимое использование этого типа в качестве выражения
C:\Program Files (x86)\Microsoft Visual Studio\2019\Community\VC\Tools\MSVC\14.24.28314\include\xstring(4448): message : см. объявление "std::string"
E:\Университет\ОАиП\lab31\dop4\dop4.cpp(12,29): error C2660: stat: функция не принимает 1 аргументов
C:\Program Files (x86)\Windows Kits\10\Include\10.0.18362.0\ucrt\sys\stat.h(239,39): message : см. объявление "stat"
E:\Университет\ОАиП\lab31\dop4\dop4.cpp(21,10): error C2065: choice: необъявленный идентификатор
E:\Университет\ОАиП\lab31\dop4\dop4.cpp(23,11): error C2065: choice: необъявленный идентификатор
E:\Университет\ОАиП\lab31\dop4\dop4.cpp(24,3): error C2050: значение выражения для варианта выбора не является целым
E:\Университет\ОАиП\lab31\dop4\dop4.cpp(29,17): error C2065: str: необъявленный идентификатор
E:\Университет\ОАиП\lab31\dop4\dop4.cpp(30,25): error C2065: str: необъявленный идентификатор
E:\Университет\ОАиП\lab31\dop4\dop4.cpp(38,4): error C2065: a: необъявленный идентификатор
E:\Университет\ОАиП\lab31\dop4\dop4.cpp(39,16): error C2065: a: необъявленный идентификатор
E:\Университет\ОАиП\lab31\dop4\dop4.cpp(45,11): error C2065: choice: необъявленный идентификатор
